<?xml version="1.0" encoding="UTF-8"?>
<!-- Generated by org.testng.reporters.JUnitXMLReporter -->
<testsuite hostname="DESKTOP-OB1OE1J" ignored="0" name="Test" tests="4" failures="0" timestamp="2022-05-05T18:43:49 IST" time="181.166" errors="0">
  <testcase name="LoginwithOTP_ValidData" time="26.268" classname="com.nitara.AccountManagement.LoginWithOTP"/>
  <testcase name="Login_ValidData" time="21.368" classname="com.nitara.AccountManagement.Login"/>
  <testcase name="ForgotPin_ValidData" time="31.092" classname="com.nitara.AccountManagement.ForgotPin"/>
  <testcase name="SignUp_ValidData" time="45.437" classname="com.nitara.AccountManagement.SignUp"/>
</testsuite> <!-- Test -->
